<?xml version="1.0" encoding="UTF-8"?>
<!-- Generated by org.testng.reporters.JUnitXMLReporter -->
<testsuite ignored="4" hostname="IN-BQ6WPQ3" failures="0" tests="1" name="Default test" time="60.67" errors="0" timestamp="2024-11-18T20:26:39 IST">
  <testcase classname="glintReports.GlintReportsLogin" name="TC_005" time="10.948"/>
  <testcase classname="glintReports.GlintReportsLogin" name="TC_001" time="0.0">
    <ignored/>
  </testcase> <!-- TC_001 -->
  <testcase classname="glintReports.GlintReportsLogin" name="TC_002" time="0.0">
    <ignored/>
  </testcase> <!-- TC_002 -->
  <testcase classname="glintReports.GlintReportsLogin" name="TC_004" time="0.0">
    <ignored/>
  </testcase> <!-- TC_004 -->
  <testcase classname="glintReports.GlintReportsLogin" name="TC_003" time="0.0">
    <ignored/>
  </testcase> <!-- TC_003 -->
</testsuite> <!-- Default test -->
